TN:
SF:src/ThreeSigmaNFT.sol
FN:32,ThreeSigmaNFT.buyItem
FNDA:8,ThreeSigmaNFT.buyItem
DA:34,8
BRDA:34,0,0,1
BRDA:34,0,1,7
DA:37,7
DA:38,7
DA:39,7
DA:42,7
DA:43,7
FN:49,ThreeSigmaNFT.sellItem
FNDA:1,ThreeSigmaNFT.sellItem
DA:51,1
DA:54,1
FN:62,ThreeSigmaNFT.transferItem
FNDA:5,ThreeSigmaNFT.transferItem
DA:63,5
FNF:3
FNH:3
LF:9
LH:9
BRF:2
BRH:2
end_of_record
TN:
SF:src/Vault.sol
FN:46,EtherCompetition.getCurrentCountdown
FNDA:1,EtherCompetition.getCurrentCountdown
DA:47,1
FN:50,EtherCompetition.getLastDepositAddress
FNDA:1,EtherCompetition.getLastDepositAddress
DA:51,1
FN:55,EtherCompetition.deposit
FNDA:3,EtherCompetition.deposit
DA:56,3
DA:57,3
FN:60,EtherCompetition.withdraw
FNDA:3,EtherCompetition.withdraw
DA:61,3
BRDA:61,0,0,1
BRDA:61,0,1,2
DA:62,2
BRDA:62,1,0,1
BRDA:62,1,1,1
DA:63,1
DA:64,1
FN:79,NFTCompetition.onERC721Received
FNDA:2,NFTCompetition.onERC721Received
DA:80,2
BRDA:80,0,0,-
BRDA:80,0,1,2
DA:81,2
DA:82,2
DA:83,2
DA:84,2
FN:88,NFTCompetition.withdraw
FNDA:1,NFTCompetition.withdraw
DA:89,1
BRDA:89,1,0,-
BRDA:89,1,1,1
DA:90,1
BRDA:90,2,0,-
BRDA:90,2,1,1
DA:93,1
DA:94,2
DA:95,2
DA:98,2
BRDA:98,3,0,-
BRDA:98,3,1,2
DA:99,2
DA:101,1
FN:31,ExposedCompetition.resetTimer
FNDA:3,ExposedCompetition.resetTimer
DA:32,3
DA:33,3
FN:36,ExposedCompetition.checkTimer
FNDA:2,ExposedCompetition.checkTimer
DA:37,2
DA:38,2
FN:15,Competition._resetTimer
FNDA:8,Competition._resetTimer
DA:16,8
FN:19,Competition._checkTimer
FNDA:7,Competition._checkTimer
DA:20,7
BRDA:20,0,0,3
BRDA:20,0,1,4
DA:21,3
DA:23,4
FNF:10
FNH:10
LF:29
LH:29
BRF:14
BRH:10
end_of_record
